<?xml version="1.0" encoding="UTF-8"?>
<!-- Generated by org.testng.reporters.JUnitReportReporter -->
<testsuite hostname="LAPTOP-CKGHEM7R" failures="0" tests="2" name="TestCases.LoginTestCase" time="23.957" errors="0" timestamp="2023-09-08T17:39:14 IST" skipped="0">
  <testcase classname="TestCases.LoginTestCase" name="VerifyInValidLogin" time="13.421"/>
  <testcase classname="TestCases.LoginTestCase" name="VerifyValidLogin" time="10.536"/>
</testsuite> <!-- TestCases.LoginTestCase -->
